<?xml version="1.0" encoding="UTF-8"?>
<testsuite name="RetanguloTest" tests="4" skipped="0" failures="0" errors="0" timestamp="2024-10-22T16:22:45" hostname="DESKTOP-QB0U41J" time="0.033">
  <properties/>
  <testcase name="testArea()" classname="RetanguloTest" time="0.023"/>
  <testcase name="testIsTriangleValid()" classname="RetanguloTest" time="0.002"/>
  <testcase name="testPerimetro()" classname="RetanguloTest" time="0.0"/>
  <testcase name="testIsTriangleInvalid()" classname="RetanguloTest" time="0.002"/>
  <system-out><![CDATA[]]></system-out>
  <system-err><![CDATA[]]></system-err>
</testsuite>
