<?xml version="1.0" encoding="UTF-8"?>
<testsuite name="UtilityTest" tests="33" skipped="0" failures="0" errors="0" timestamp="2024-10-22T16:55:04" hostname="DESKTOP-QB0U41J" time="0.309">
  <properties/>
  <testcase name="[1] 4" classname="UtilityTest" time="0.053"/>
  <testcase name="[2] 21" classname="UtilityTest" time="0.002"/>
  <testcase name="[3] 100" classname="UtilityTest" time="0.005"/>
  <testcase name="[4] 200" classname="UtilityTest" time="0.006"/>
  <testcase name="[5] 49" classname="UtilityTest" time="0.003"/>
  <testcase name="[1] 23" classname="UtilityTest" time="0.004"/>
  <testcase name="[2] 46" classname="UtilityTest" time="0.001"/>
  <testcase name="[3] 115" classname="UtilityTest" time="0.007"/>
  <testcase name="[4] 184" classname="UtilityTest" time="0.001"/>
  <testcase name="[5] 207" classname="UtilityTest" time="0.002"/>
  <testcase name="[6] 230" classname="UtilityTest" time="0.002"/>
  <testcase name="[1] 1" classname="UtilityTest" time="0.002"/>
  <testcase name="[2] 2" classname="UtilityTest" time="0.004"/>
  <testcase name="[3] 3" classname="UtilityTest" time="0.001"/>
  <testcase name="[4] 4" classname="UtilityTest" time="0.002"/>
  <testcase name="[5] 5" classname="UtilityTest" time="0.001"/>
  <testcase name="[1] 32" classname="UtilityTest" time="0.001"/>
  <testcase name="[2] 64" classname="UtilityTest" time="0.001"/>
  <testcase name="[3] 2" classname="UtilityTest" time="0.001"/>
  <testcase name="[4] 20" classname="UtilityTest" time="0.0"/>
  <testcase name="[5] 30" classname="UtilityTest" time="0.001"/>
  <testcase name="[6] 26" classname="UtilityTest" time="0.006"/>
  <testcase name="[1] 3" classname="UtilityTest" time="0.002"/>
  <testcase name="[2] 23" classname="UtilityTest" time="0.003"/>
  <testcase name="[3] 311" classname="UtilityTest" time="0.005"/>
  <testcase name="[4] 487" classname="UtilityTest" time="0.003"/>
  <testcase name="[5] 653" classname="UtilityTest" time="0.003"/>
  <testcase name="[6] 947" classname="UtilityTest" time="0.001"/>
  <testcase name="[1] 1" classname="UtilityTest" time="0.002"/>
  <testcase name="[2] 3" classname="UtilityTest" time="0.004"/>
  <testcase name="[3] 5" classname="UtilityTest" time="0.002"/>
  <testcase name="[4] 7" classname="UtilityTest" time="0.002"/>
  <testcase name="[5] 9" classname="UtilityTest" time="0.0"/>
  <system-out><![CDATA[]]></system-out>
  <system-err><![CDATA[]]></system-err>
</testsuite>
